<?xml version="1.0" encoding="UTF-8"?>
<!-- Generated by org.testng.reporters.JUnitXMLReporter -->
<testsuite ignored="0" hostname="L-DEE-B710W93" failures="0" tests="3" name="Default test" time="6.736" errors="0" timestamp="2022-02-15T09:53:14 CET">
  <testcase classname="tests.NewVisitTest" name="cannotAddVisitDFNotCorrect" time="2.302"/>
  <testcase classname="tests.NewVisitTest" name="cannotAddVisitRequiredFieldBlank" time="2.13"/>
  <testcase classname="tests.NewVisitTest" name="userCanAddVisit" time="2.266"/>
</testsuite> <!-- Default test -->
