<?xml version="1.0" encoding="UTF-8"?>
<!-- Generated by org.testng.reporters.JUnitXMLReporter -->
<testsuite ignored="10" hostname="L-DEE-B710W93" failures="0" tests="16" name="Regression Test" time="23.353" errors="0" timestamp="2022-02-22T11:43:34 CET">
  <testcase classname="tests.AddOwnersTest" name="userCannotAddOwnerInCaseTelephoneFieldContainsMoreThan10Intigers" time="0.68"/>
  <testcase classname="tests.AddOwnersTest" name="userCannotAddOwnerInCaseTelephoneFieldContainsStrings" time="0.644"/>
  <testcase classname="tests.AddOwnersTest" name="userCannotAddOwnerInCaseThatRequiredFieldsAreBalnk" time="0.711"/>
  <testcase classname="tests.AddOwnersTest" name="validateThatErrorMesssageDisplayInFirstNameButNotOnOtherFieldsUsingThrowsExceptionAndReadingExceptionName" time="0.57"/>
  <testcase classname="tests.AddOwnersTest" name="UserCanAddOwnerSuccessfully" time="1.077"/>
  <testcase classname="tests.SearchForOwnerTest" name="testNonUniqueOwner" time="1.868"/>
  <testcase classname="tests.SearchForOwnerTest" name="testUniqueOwner" time="0.987"/>
  <testcase classname="tests.SearchForOwnerTest" name="userCannotSearchForNotPresentOwner" time="0.3"/>
  <testcase classname="tests.EditOwnerTest" name="userCanEditOwner" time="1.989"/>
  <testcase classname="tests.AddNewPetTest" name="invalidAddUniquePetTest_NameBirthDateEmpty" time="2.012"/>
  <testcase classname="tests.AddNewPetTest" name="invalidAddUniquePetTest_ValidNameInvalidDateFormat" time="1.769"/>
  <testcase classname="tests.AddNewPetTest" name="validAddUniquePetTest_ValidNameValidBirthD" time="1.706"/>
  <testcase classname="tests.EditPetTest" name="userCanEditPet" time="2.345"/>
  <testcase classname="tests.NewVisitTest" name="cannotAddVisitDFNotCorrect" time="2.314"/>
  <testcase classname="tests.NewVisitTest" name="cannotAddVisitRequiredFieldBlank" time="2.151"/>
  <testcase classname="tests.NewVisitTest" name="userCanAddVisit" time="2.151"/>
  <testcase classname="tests.TestBase" name="@BeforeSuite startDriver" time="0.0">
    <ignored/>
  </testcase> <!-- @BeforeSuite startDriver -->
  <testcase classname="tests.TestBase" name="@BeforeSuite startDriver" time="0.0">
    <ignored/>
  </testcase> <!-- @BeforeSuite startDriver -->
  <testcase classname="tests.TestBase" name="@BeforeSuite startDriver" time="0.0">
    <ignored/>
  </testcase> <!-- @BeforeSuite startDriver -->
  <testcase classname="tests.TestBase" name="@BeforeSuite startDriver" time="0.0">
    <ignored/>
  </testcase> <!-- @BeforeSuite startDriver -->
  <testcase classname="tests.TestBase" name="@BeforeSuite startDriver" time="0.0">
    <ignored/>
  </testcase> <!-- @BeforeSuite startDriver -->
  <testcase classname="tests.TestBase" name="@AfterSuite stopDriver" time="0.0">
    <ignored/>
  </testcase> <!-- @AfterSuite stopDriver -->
  <testcase classname="tests.TestBase" name="@AfterSuite stopDriver" time="0.0">
    <ignored/>
  </testcase> <!-- @AfterSuite stopDriver -->
  <testcase classname="tests.TestBase" name="@AfterSuite stopDriver" time="0.0">
    <ignored/>
  </testcase> <!-- @AfterSuite stopDriver -->
  <testcase classname="tests.TestBase" name="@AfterSuite stopDriver" time="0.0">
    <ignored/>
  </testcase> <!-- @AfterSuite stopDriver -->
  <testcase classname="tests.TestBase" name="@AfterSuite stopDriver" time="0.0">
    <ignored/>
  </testcase> <!-- @AfterSuite stopDriver -->
</testsuite> <!-- Regression Test -->
