<?xml version="1.0" encoding="UTF-8"?>
<!-- Generated by org.testng.reporters.JUnitXMLReporter -->
<testsuite ignored="10" hostname="L-DEE-B710W93" failures="0" tests="16" name="Regression Test" time="25.556" errors="0" timestamp="2022-02-22T11:41:44 CET">
  <testcase classname="tests.AddOwnersTest" name="userCannotAddOwnerInCaseTelephoneFieldContainsMoreThan10Intigers" time="0.941"/>
  <testcase classname="tests.AddOwnersTest" name="userCannotAddOwnerInCaseTelephoneFieldContainsStrings" time="0.626"/>
  <testcase classname="tests.AddOwnersTest" name="userCannotAddOwnerInCaseThatRequiredFieldsAreBalnk" time="0.732"/>
  <testcase classname="tests.AddOwnersTest" name="validateThatErrorMesssageDisplayInFirstNameButNotOnOtherFieldsUsingThrowsExceptionAndReadingExceptionName" time="0.63"/>
  <testcase classname="tests.AddOwnersTest" name="UserCanAddOwnerSuccessfully" time="1.242"/>
  <testcase classname="tests.SearchForOwnerTest" name="testNonUniqueOwner" time="2.268"/>
  <testcase classname="tests.SearchForOwnerTest" name="testUniqueOwner" time="1.292"/>
  <testcase classname="tests.SearchForOwnerTest" name="userCannotSearchForNotPresentOwner" time="0.306"/>
  <testcase classname="tests.EditOwnerTest" name="userCanEditOwner" time="2.481"/>
  <testcase classname="tests.AddNewPetTest" name="invalidAddUniquePetTest_NameBirthDateEmpty" time="1.778"/>
  <testcase classname="tests.AddNewPetTest" name="invalidAddUniquePetTest_ValidNameInvalidDateFormat" time="1.776"/>
  <testcase classname="tests.AddNewPetTest" name="validAddUniquePetTest_ValidNameValidBirthD" time="1.962"/>
  <testcase classname="tests.EditPetTest" name="userCanEditPet" time="2.486"/>
  <testcase classname="tests.NewVisitTest" name="cannotAddVisitDFNotCorrect" time="2.362"/>
  <testcase classname="tests.NewVisitTest" name="cannotAddVisitRequiredFieldBlank" time="2.346"/>
  <testcase classname="tests.NewVisitTest" name="userCanAddVisit" time="2.237"/>
  <testcase classname="tests.TestBase" name="@BeforeSuite startDriver" time="0.0">
    <ignored/>
  </testcase> <!-- @BeforeSuite startDriver -->
  <testcase classname="tests.TestBase" name="@BeforeSuite startDriver" time="0.0">
    <ignored/>
  </testcase> <!-- @BeforeSuite startDriver -->
  <testcase classname="tests.TestBase" name="@BeforeSuite startDriver" time="0.0">
    <ignored/>
  </testcase> <!-- @BeforeSuite startDriver -->
  <testcase classname="tests.TestBase" name="@BeforeSuite startDriver" time="0.0">
    <ignored/>
  </testcase> <!-- @BeforeSuite startDriver -->
  <testcase classname="tests.TestBase" name="@BeforeSuite startDriver" time="0.0">
    <ignored/>
  </testcase> <!-- @BeforeSuite startDriver -->
  <testcase classname="tests.TestBase" name="@AfterSuite stopDriver" time="0.0">
    <ignored/>
  </testcase> <!-- @AfterSuite stopDriver -->
  <testcase classname="tests.TestBase" name="@AfterSuite stopDriver" time="0.0">
    <ignored/>
  </testcase> <!-- @AfterSuite stopDriver -->
  <testcase classname="tests.TestBase" name="@AfterSuite stopDriver" time="0.0">
    <ignored/>
  </testcase> <!-- @AfterSuite stopDriver -->
  <testcase classname="tests.TestBase" name="@AfterSuite stopDriver" time="0.0">
    <ignored/>
  </testcase> <!-- @AfterSuite stopDriver -->
  <testcase classname="tests.TestBase" name="@AfterSuite stopDriver" time="0.0">
    <ignored/>
  </testcase> <!-- @AfterSuite stopDriver -->
</testsuite> <!-- Regression Test -->
